[0.087s] DEBUG:colcon:Command line arguments: ['/usr/bin/colcon', 'build', '--symlink-install']
[0.088s] DEBUG:colcon:Parsed command line arguments: Namespace(log_base=None, log_level=None, verb_name='build', build_base='build', install_base='install', merge_install=False, symlink_install=True, test_result_base=None, continue_on_error=False, executor='parallel', parallel_workers=16, event_handlers=None, ignore_user_meta=False, metas=['./colcon.meta'], base_paths=['.'], packages_ignore=None, packages_ignore_regex=None, paths=None, packages_up_to=None, packages_up_to_regex=None, packages_above=None, packages_above_and_dependencies=None, packages_above_depth=None, packages_select_by_dep=None, packages_skip_by_dep=None, packages_skip_up_to=None, packages_select_build_failed=False, packages_skip_build_finished=False, packages_select_test_failures=False, packages_skip_test_passed=False, packages_select=None, packages_skip=None, packages_select_regex=None, packages_skip_regex=None, packages_start=None, packages_end=None, allow_overriding=[], cmake_args=None, cmake_target=None, cmake_target_skip_unavailable=False, cmake_clean_cache=False, cmake_clean_first=False, cmake_force_configure=False, ament_cmake_args=None, catkin_cmake_args=None, catkin_skip_building_tests=False, verb_parser=<colcon_defaults.argument_parser.defaults.DefaultArgumentsDecorator object at 0x7581cb2535c0>, verb_extension=<colcon_core.verb.build.BuildVerb object at 0x7581cb2533b0>, main=<bound method BuildVerb.main of <colcon_core.verb.build.BuildVerb object at 0x7581cb2533b0>>)
[0.121s] Level 1:colcon.colcon_core.package_discovery:discover_packages(colcon_meta) check parameters
[0.121s] Level 1:colcon.colcon_core.package_discovery:discover_packages(recursive) check parameters
[0.121s] Level 1:colcon.colcon_core.package_discovery:discover_packages(ignore) check parameters
[0.121s] Level 1:colcon.colcon_core.package_discovery:discover_packages(path) check parameters
[0.121s] Level 1:colcon.colcon_core.package_discovery:discover_packages(colcon_meta) discover
[0.121s] Level 1:colcon.colcon_core.package_discovery:discover_packages(recursive) discover
[0.121s] INFO:colcon.colcon_core.package_discovery:Crawling recursively for packages in '/home/brian_holland/Desktop/capstone/ros_ws'
[0.121s] Level 1:colcon.colcon_core.package_identification:_identify(.) by extensions ['ignore', 'ignore_ament_install']
[0.121s] Level 1:colcon.colcon_core.package_identification:_identify(.) by extension 'ignore'
[0.121s] Level 1:colcon.colcon_core.package_identification:_identify(.) by extension 'ignore_ament_install'
[0.121s] Level 1:colcon.colcon_core.package_identification:_identify(.) by extensions ['colcon_pkg']
[0.121s] Level 1:colcon.colcon_core.package_identification:_identify(.) by extension 'colcon_pkg'
[0.121s] Level 1:colcon.colcon_core.package_identification:_identify(.) by extensions ['colcon_meta']
[0.122s] Level 1:colcon.colcon_core.package_identification:_identify(.) by extension 'colcon_meta'
[0.122s] Level 1:colcon.colcon_core.package_identification:_identify(.) by extensions ['ros']
[0.122s] Level 1:colcon.colcon_core.package_identification:_identify(.) by extension 'ros'
[0.141s] Level 1:colcon.colcon_core.package_identification:_identify(.) by extensions ['cmake', 'python']
[0.141s] Level 1:colcon.colcon_core.package_identification:_identify(.) by extension 'cmake'
[0.141s] Level 1:colcon.colcon_core.package_identification:_identify(.) by extension 'python'
[0.141s] Level 1:colcon.colcon_core.package_identification:_identify(.) by extensions ['python_setup_py']
[0.141s] Level 1:colcon.colcon_core.package_identification:_identify(.) by extension 'python_setup_py'
[0.141s] Level 1:colcon.colcon_core.package_identification:_identify(build) by extensions ['ignore', 'ignore_ament_install']
[0.141s] Level 1:colcon.colcon_core.package_identification:_identify(build) by extension 'ignore'
[0.141s] Level 1:colcon.colcon_core.package_identification:_identify(build) ignored
[0.141s] Level 1:colcon.colcon_core.package_identification:_identify(install) by extensions ['ignore', 'ignore_ament_install']
[0.142s] Level 1:colcon.colcon_core.package_identification:_identify(install) by extension 'ignore'
[0.142s] Level 1:colcon.colcon_core.package_identification:_identify(install) ignored
[0.142s] Level 1:colcon.colcon_core.package_identification:_identify(log) by extensions ['ignore', 'ignore_ament_install']
[0.142s] Level 1:colcon.colcon_core.package_identification:_identify(log) by extension 'ignore'
[0.142s] Level 1:colcon.colcon_core.package_identification:_identify(log) ignored
[0.142s] Level 1:colcon.colcon_core.package_identification:_identify(src) by extensions ['ignore', 'ignore_ament_install']
[0.142s] Level 1:colcon.colcon_core.package_identification:_identify(src) by extension 'ignore'
[0.142s] Level 1:colcon.colcon_core.package_identification:_identify(src) by extension 'ignore_ament_install'
[0.142s] Level 1:colcon.colcon_core.package_identification:_identify(src) by extensions ['colcon_pkg']
[0.142s] Level 1:colcon.colcon_core.package_identification:_identify(src) by extension 'colcon_pkg'
[0.142s] Level 1:colcon.colcon_core.package_identification:_identify(src) by extensions ['colcon_meta']
[0.142s] Level 1:colcon.colcon_core.package_identification:_identify(src) by extension 'colcon_meta'
[0.142s] Level 1:colcon.colcon_core.package_identification:_identify(src) by extensions ['ros']
[0.142s] Level 1:colcon.colcon_core.package_identification:_identify(src) by extension 'ros'
[0.142s] Level 1:colcon.colcon_core.package_identification:_identify(src) by extensions ['cmake', 'python']
[0.142s] Level 1:colcon.colcon_core.package_identification:_identify(src) by extension 'cmake'
[0.142s] Level 1:colcon.colcon_core.package_identification:_identify(src) by extension 'python'
[0.142s] Level 1:colcon.colcon_core.package_identification:_identify(src) by extensions ['python_setup_py']
[0.142s] Level 1:colcon.colcon_core.package_identification:_identify(src) by extension 'python_setup_py'
[0.143s] Level 1:colcon.colcon_core.package_identification:_identify(src/ht301_thermal_ros) by extensions ['ignore', 'ignore_ament_install']
[0.143s] Level 1:colcon.colcon_core.package_identification:_identify(src/ht301_thermal_ros) by extension 'ignore'
[0.143s] Level 1:colcon.colcon_core.package_identification:_identify(src/ht301_thermal_ros) by extension 'ignore_ament_install'
[0.143s] Level 1:colcon.colcon_core.package_identification:_identify(src/ht301_thermal_ros) by extensions ['colcon_pkg']
[0.143s] Level 1:colcon.colcon_core.package_identification:_identify(src/ht301_thermal_ros) by extension 'colcon_pkg'
[0.143s] Level 1:colcon.colcon_core.package_identification:_identify(src/ht301_thermal_ros) by extensions ['colcon_meta']
[0.143s] Level 1:colcon.colcon_core.package_identification:_identify(src/ht301_thermal_ros) by extension 'colcon_meta'
[0.143s] Level 1:colcon.colcon_core.package_identification:_identify(src/ht301_thermal_ros) by extensions ['ros']
[0.143s] Level 1:colcon.colcon_core.package_identification:_identify(src/ht301_thermal_ros) by extension 'ros'
[0.145s] DEBUG:colcon.colcon_core.package_identification:Package 'src/ht301_thermal_ros' with type 'ros.ament_python' and name 'ht301_thermal_ros'
[0.145s] Level 1:colcon.colcon_core.package_discovery:discover_packages(recursive) using defaults
[0.145s] Level 1:colcon.colcon_core.package_discovery:discover_packages(ignore) discover
[0.145s] Level 1:colcon.colcon_core.package_discovery:discover_packages(ignore) using defaults
[0.146s] Level 1:colcon.colcon_core.package_discovery:discover_packages(path) discover
[0.146s] Level 1:colcon.colcon_core.package_discovery:discover_packages(path) using defaults
[0.159s] Level 1:colcon.colcon_core.package_discovery:discover_packages(prefix_path) check parameters
[0.159s] Level 1:colcon.colcon_core.package_discovery:discover_packages(prefix_path) discover
[0.161s] DEBUG:colcon.colcon_installed_package_information.package_discovery:Found 1 installed packages in /home/brian_holland/Desktop/capstone/ros_ws/install
[0.162s] DEBUG:colcon.colcon_installed_package_information.package_discovery:Found 296 installed packages in /opt/ros/jazzy
[0.163s] Level 1:colcon.colcon_core.package_discovery:discover_packages(prefix_path) using defaults
[0.197s] Level 5:colcon.colcon_core.verb:set package 'ht301_thermal_ros' build argument 'cmake_args' from command line to 'None'
[0.197s] Level 5:colcon.colcon_core.verb:set package 'ht301_thermal_ros' build argument 'cmake_target' from command line to 'None'
[0.197s] Level 5:colcon.colcon_core.verb:set package 'ht301_thermal_ros' build argument 'cmake_target_skip_unavailable' from command line to 'False'
[0.197s] Level 5:colcon.colcon_core.verb:set package 'ht301_thermal_ros' build argument 'cmake_clean_cache' from command line to 'False'
[0.197s] Level 5:colcon.colcon_core.verb:set package 'ht301_thermal_ros' build argument 'cmake_clean_first' from command line to 'False'
[0.197s] Level 5:colcon.colcon_core.verb:set package 'ht301_thermal_ros' build argument 'cmake_force_configure' from command line to 'False'
[0.197s] Level 5:colcon.colcon_core.verb:set package 'ht301_thermal_ros' build argument 'ament_cmake_args' from command line to 'None'
[0.197s] Level 5:colcon.colcon_core.verb:set package 'ht301_thermal_ros' build argument 'catkin_cmake_args' from command line to 'None'
[0.197s] Level 5:colcon.colcon_core.verb:set package 'ht301_thermal_ros' build argument 'catkin_skip_building_tests' from command line to 'False'
[0.197s] DEBUG:colcon.colcon_core.verb:Building package 'ht301_thermal_ros' with the following arguments: {'ament_cmake_args': None, 'build_base': '/home/brian_holland/Desktop/capstone/ros_ws/build/ht301_thermal_ros', 'catkin_cmake_args': None, 'catkin_skip_building_tests': False, 'cmake_args': None, 'cmake_clean_cache': False, 'cmake_clean_first': False, 'cmake_force_configure': False, 'cmake_target': None, 'cmake_target_skip_unavailable': False, 'install_base': '/home/brian_holland/Desktop/capstone/ros_ws/install/ht301_thermal_ros', 'merge_install': False, 'path': '/home/brian_holland/Desktop/capstone/ros_ws/src/ht301_thermal_ros', 'symlink_install': True, 'test_result_base': None}
[0.197s] INFO:colcon.colcon_core.executor:Executing jobs using 'parallel' executor
[0.198s] DEBUG:colcon.colcon_parallel_executor.executor.parallel:run_until_complete
[0.198s] INFO:colcon.colcon_ros.task.ament_python.build:Building ROS package in '/home/brian_holland/Desktop/capstone/ros_ws/src/ht301_thermal_ros' with build type 'ament_python'
[0.198s] Level 1:colcon.colcon_core.shell:create_environment_hook('ht301_thermal_ros', 'ament_prefix_path')
[0.200s] INFO:colcon.colcon_core.plugin_system:Skipping extension 'colcon_core.shell.bat': Not used on non-Windows systems
[0.200s] INFO:colcon.colcon_core.shell:Creating environment hook '/home/brian_holland/Desktop/capstone/ros_ws/install/ht301_thermal_ros/share/ht301_thermal_ros/hook/ament_prefix_path.ps1'
[0.200s] INFO:colcon.colcon_core.shell:Creating environment descriptor '/home/brian_holland/Desktop/capstone/ros_ws/install/ht301_thermal_ros/share/ht301_thermal_ros/hook/ament_prefix_path.dsv'
[0.201s] INFO:colcon.colcon_core.shell:Creating environment hook '/home/brian_holland/Desktop/capstone/ros_ws/install/ht301_thermal_ros/share/ht301_thermal_ros/hook/ament_prefix_path.sh'
[0.201s] INFO:colcon.colcon_core.shell:Skip shell extension 'powershell' for command environment: Not usable outside of PowerShell
[0.201s] DEBUG:colcon.colcon_core.shell:Skip shell extension 'dsv' for command environment
[0.374s] INFO:colcon.colcon_core.task.python.build:Building Python package in '/home/brian_holland/Desktop/capstone/ros_ws/src/ht301_thermal_ros'
[0.375s] INFO:colcon.colcon_core.shell:Skip shell extension 'powershell' for command environment: Not usable outside of PowerShell
[0.375s] DEBUG:colcon.colcon_core.shell:Skip shell extension 'dsv' for command environment
[0.849s] DEBUG:colcon.colcon_core.event_handler.log_command:Invoking command in '/home/brian_holland/Desktop/capstone/ros_ws/build/ht301_thermal_ros': DEBUGINFOD_URLS=https://debuginfod.ubuntu.com PYTHONPATH=/home/brian_holland/Desktop/capstone/ros_ws/build/ht301_thermal_ros/prefix_override:/usr/lib/python3/dist-packages/colcon_core/task/python/colcon_distutils_commands:/home/brian_holland/Desktop/capstone/ros_ws/install/ht301_thermal_ros/lib/python3.12/site-packages:${PYTHONPATH} /usr/bin/python3 -W ignore:setup.py install is deprecated -W ignore:easy_install command is deprecated setup.py develop --editable --build-directory /home/brian_holland/Desktop/capstone/ros_ws/build/ht301_thermal_ros/build --no-deps symlink_data
[1.380s] Level 1:colcon.colcon_core.shell:create_environment_hook('ht301_thermal_ros', 'pythonpath_develop')
[1.380s] INFO:colcon.colcon_core.shell:Creating environment hook '/home/brian_holland/Desktop/capstone/ros_ws/build/ht301_thermal_ros/share/ht301_thermal_ros/hook/pythonpath_develop.ps1'
[1.381s] DEBUG:colcon.colcon_core.event_handler.log_command:Invoked command in '/home/brian_holland/Desktop/capstone/ros_ws/build/ht301_thermal_ros' returned '0': DEBUGINFOD_URLS=https://debuginfod.ubuntu.com PYTHONPATH=/home/brian_holland/Desktop/capstone/ros_ws/build/ht301_thermal_ros/prefix_override:/usr/lib/python3/dist-packages/colcon_core/task/python/colcon_distutils_commands:/home/brian_holland/Desktop/capstone/ros_ws/install/ht301_thermal_ros/lib/python3.12/site-packages:${PYTHONPATH} /usr/bin/python3 -W ignore:setup.py install is deprecated -W ignore:easy_install command is deprecated setup.py develop --editable --build-directory /home/brian_holland/Desktop/capstone/ros_ws/build/ht301_thermal_ros/build --no-deps symlink_data
[1.381s] INFO:colcon.colcon_core.shell:Creating environment descriptor '/home/brian_holland/Desktop/capstone/ros_ws/build/ht301_thermal_ros/share/ht301_thermal_ros/hook/pythonpath_develop.dsv'
[1.381s] INFO:colcon.colcon_core.shell:Creating environment hook '/home/brian_holland/Desktop/capstone/ros_ws/build/ht301_thermal_ros/share/ht301_thermal_ros/hook/pythonpath_develop.sh'
[1.383s] Level 1:colcon.colcon_core.environment:checking '/home/brian_holland/Desktop/capstone/ros_ws/install/ht301_thermal_ros' for CMake module files
[1.384s] Level 1:colcon.colcon_core.environment:checking '/home/brian_holland/Desktop/capstone/ros_ws/install/ht301_thermal_ros' for CMake config files
[1.384s] Level 1:colcon.colcon_core.environment:checking '/home/brian_holland/Desktop/capstone/ros_ws/install/ht301_thermal_ros/lib'
[1.385s] Level 1:colcon.colcon_core.environment:checking '/home/brian_holland/Desktop/capstone/ros_ws/install/ht301_thermal_ros/bin'
[1.385s] Level 1:colcon.colcon_core.environment:checking '/home/brian_holland/Desktop/capstone/ros_ws/install/ht301_thermal_ros/lib/pkgconfig/ht301_thermal_ros.pc'
[1.385s] Level 1:colcon.colcon_core.environment:checking '/home/brian_holland/Desktop/capstone/ros_ws/install/ht301_thermal_ros/lib/python3.12/site-packages'
[1.385s] Level 1:colcon.colcon_core.shell:create_environment_hook('ht301_thermal_ros', 'pythonpath')
[1.385s] INFO:colcon.colcon_core.shell:Creating environment hook '/home/brian_holland/Desktop/capstone/ros_ws/install/ht301_thermal_ros/share/ht301_thermal_ros/hook/pythonpath.ps1'
[1.385s] INFO:colcon.colcon_core.shell:Creating environment descriptor '/home/brian_holland/Desktop/capstone/ros_ws/install/ht301_thermal_ros/share/ht301_thermal_ros/hook/pythonpath.dsv'
[1.386s] INFO:colcon.colcon_core.shell:Creating environment hook '/home/brian_holland/Desktop/capstone/ros_ws/install/ht301_thermal_ros/share/ht301_thermal_ros/hook/pythonpath.sh'
[1.386s] Level 1:colcon.colcon_core.environment:checking '/home/brian_holland/Desktop/capstone/ros_ws/install/ht301_thermal_ros/bin'
[1.386s] Level 1:colcon.colcon_core.environment:create_environment_scripts_only(ht301_thermal_ros)
[1.386s] INFO:colcon.colcon_core.shell:Creating package script '/home/brian_holland/Desktop/capstone/ros_ws/install/ht301_thermal_ros/share/ht301_thermal_ros/package.ps1'
[1.387s] INFO:colcon.colcon_core.shell:Creating package descriptor '/home/brian_holland/Desktop/capstone/ros_ws/install/ht301_thermal_ros/share/ht301_thermal_ros/package.dsv'
[1.388s] INFO:colcon.colcon_core.shell:Creating package script '/home/brian_holland/Desktop/capstone/ros_ws/install/ht301_thermal_ros/share/ht301_thermal_ros/package.sh'
[1.388s] INFO:colcon.colcon_core.shell:Creating package script '/home/brian_holland/Desktop/capstone/ros_ws/install/ht301_thermal_ros/share/ht301_thermal_ros/package.bash'
[1.389s] INFO:colcon.colcon_core.shell:Creating package script '/home/brian_holland/Desktop/capstone/ros_ws/install/ht301_thermal_ros/share/ht301_thermal_ros/package.zsh'
[1.390s] Level 1:colcon.colcon_core.environment:create_file_with_runtime_dependencies(/home/brian_holland/Desktop/capstone/ros_ws/install/ht301_thermal_ros/share/colcon-core/packages/ht301_thermal_ros)
[1.390s] DEBUG:colcon.colcon_parallel_executor.executor.parallel:closing loop
[1.391s] DEBUG:colcon.colcon_parallel_executor.executor.parallel:loop closed
[1.391s] DEBUG:colcon.colcon_parallel_executor.executor.parallel:run_until_complete finished with '0'
[1.391s] DEBUG:colcon.colcon_core.event_reactor:joining thread
[1.395s] INFO:colcon.colcon_core.plugin_system:Skipping extension 'colcon_notification.desktop_notification.terminal_notifier': Not used on non-Darwin systems
[1.395s] INFO:colcon.colcon_core.plugin_system:Skipping extension 'colcon_notification.desktop_notification.win32': Not used on non-Windows systems
[1.395s] INFO:colcon.colcon_notification.desktop_notification:Sending desktop notification using 'notify2'
[1.406s] DEBUG:colcon.colcon_core.event_reactor:joined thread
[1.406s] INFO:colcon.colcon_core.shell:Creating prefix script '/home/brian_holland/Desktop/capstone/ros_ws/install/local_setup.ps1'
[1.407s] INFO:colcon.colcon_core.shell:Creating prefix util module '/home/brian_holland/Desktop/capstone/ros_ws/install/_local_setup_util_ps1.py'
[1.408s] INFO:colcon.colcon_core.shell:Creating prefix chain script '/home/brian_holland/Desktop/capstone/ros_ws/install/setup.ps1'
[1.409s] INFO:colcon.colcon_core.shell:Creating prefix script '/home/brian_holland/Desktop/capstone/ros_ws/install/local_setup.sh'
[1.410s] INFO:colcon.colcon_core.shell:Creating prefix util module '/home/brian_holland/Desktop/capstone/ros_ws/install/_local_setup_util_sh.py'
[1.410s] INFO:colcon.colcon_core.shell:Creating prefix chain script '/home/brian_holland/Desktop/capstone/ros_ws/install/setup.sh'
[1.411s] INFO:colcon.colcon_core.shell:Creating prefix script '/home/brian_holland/Desktop/capstone/ros_ws/install/local_setup.bash'
[1.411s] INFO:colcon.colcon_core.shell:Creating prefix chain script '/home/brian_holland/Desktop/capstone/ros_ws/install/setup.bash'
[1.412s] INFO:colcon.colcon_core.shell:Creating prefix script '/home/brian_holland/Desktop/capstone/ros_ws/install/local_setup.zsh'
[1.413s] INFO:colcon.colcon_core.shell:Creating prefix chain script '/home/brian_holland/Desktop/capstone/ros_ws/install/setup.zsh'
