/home/brian_holland/Desktop/capstone/ros_ws/install/ht301_thermal_ros/lib/python3.12/site-packages/ht301_thermal_ros/ht301_thermal_publisher.py
/home/brian_holland/Desktop/capstone/ros_ws/install/ht301_thermal_ros/lib/python3.12/site-packages/ht301_thermal_ros/ht301_hacklib.py
/home/brian_holland/Desktop/capstone/ros_ws/install/ht301_thermal_ros/lib/python3.12/site-packages/ht301_thermal_ros/thermal_csv_logger.py
/home/brian_holland/Desktop/capstone/ros_ws/install/ht301_thermal_ros/lib/python3.12/site-packages/ht301_thermal_ros/__init__.py
/home/brian_holland/Desktop/capstone/ros_ws/install/ht301_thermal_ros/lib/python3.12/site-packages/ht301_thermal_ros/__pycache__/ht301_thermal_publisher.cpython-312.pyc
/home/brian_holland/Desktop/capstone/ros_ws/install/ht301_thermal_ros/lib/python3.12/site-packages/ht301_thermal_ros/__pycache__/ht301_hacklib.cpython-312.pyc
/home/brian_holland/Desktop/capstone/ros_ws/install/ht301_thermal_ros/lib/python3.12/site-packages/ht301_thermal_ros/__pycache__/thermal_csv_logger.cpython-312.pyc
/home/brian_holland/Desktop/capstone/ros_ws/install/ht301_thermal_ros/lib/python3.12/site-packages/ht301_thermal_ros/__pycache__/__init__.cpython-312.pyc
/home/brian_holland/Desktop/capstone/ros_ws/install/ht301_thermal_ros/share/ament_index/resource_index/packages/ht301_thermal_ros
/home/brian_holland/Desktop/capstone/ros_ws/install/ht301_thermal_ros/share/ht301_thermal_ros/package.xml
/home/brian_holland/Desktop/capstone/ros_ws/install/ht301_thermal_ros/share/ht301_thermal_ros/launch/camera_launch.py
/home/brian_holland/Desktop/capstone/ros_ws/install/ht301_thermal_ros/lib/python3.12/site-packages/ht301_thermal_ros-0.0.0-py3.12.egg-info/top_level.txt
/home/brian_holland/Desktop/capstone/ros_ws/install/ht301_thermal_ros/lib/python3.12/site-packages/ht301_thermal_ros-0.0.0-py3.12.egg-info/entry_points.txt
/home/brian_holland/Desktop/capstone/ros_ws/install/ht301_thermal_ros/lib/python3.12/site-packages/ht301_thermal_ros-0.0.0-py3.12.egg-info/requires.txt
/home/brian_holland/Desktop/capstone/ros_ws/install/ht301_thermal_ros/lib/python3.12/site-packages/ht301_thermal_ros-0.0.0-py3.12.egg-info/PKG-INFO
/home/brian_holland/Desktop/capstone/ros_ws/install/ht301_thermal_ros/lib/python3.12/site-packages/ht301_thermal_ros-0.0.0-py3.12.egg-info/zip-safe
/home/brian_holland/Desktop/capstone/ros_ws/install/ht301_thermal_ros/lib/python3.12/site-packages/ht301_thermal_ros-0.0.0-py3.12.egg-info/SOURCES.txt
/home/brian_holland/Desktop/capstone/ros_ws/install/ht301_thermal_ros/lib/python3.12/site-packages/ht301_thermal_ros-0.0.0-py3.12.egg-info/dependency_links.txt
/home/brian_holland/Desktop/capstone/ros_ws/install/ht301_thermal_ros/lib/ht301_thermal_ros/ht301_thermal_publisher
/home/brian_holland/Desktop/capstone/ros_ws/install/ht301_thermal_ros/lib/ht301_thermal_ros/thermal_csv_logger
