[0.651s] Invoking command in '/home/brian_holland/Desktop/capstone/ros_ws/src/ht301_thermal_ros': DEBUGINFOD_URLS=https://debuginfod.ubuntu.com PYTHONPATH=/home/brian_holland/Desktop/capstone/ros_ws/build/ht301_thermal_ros/prefix_override:/usr/lib/python3/dist-packages/colcon_core/task/python/colcon_distutils_commands:/home/brian_holland/Desktop/capstone/ros_ws/install/ht301_thermal_ros/lib/python3.12/site-packages:${PYTHONPATH} /usr/bin/python3 -W ignore:setup.py install is deprecated -W ignore:easy_install command is deprecated setup.py egg_info --egg-base ../../build/ht301_thermal_ros build --build-base /home/brian_holland/Desktop/capstone/ros_ws/build/ht301_thermal_ros/build install --record /home/brian_holland/Desktop/capstone/ros_ws/build/ht301_thermal_ros/install.log --single-version-externally-managed install_data
[0.866s] running egg_info
[0.881s] writing ../../build/ht301_thermal_ros/ht301_thermal_ros.egg-info/PKG-INFO
[0.881s] writing dependency_links to ../../build/ht301_thermal_ros/ht301_thermal_ros.egg-info/dependency_links.txt
[0.882s] writing entry points to ../../build/ht301_thermal_ros/ht301_thermal_ros.egg-info/entry_points.txt
[0.882s] writing requirements to ../../build/ht301_thermal_ros/ht301_thermal_ros.egg-info/requires.txt
[0.882s] writing top-level names to ../../build/ht301_thermal_ros/ht301_thermal_ros.egg-info/top_level.txt
[0.915s] reading manifest file '../../build/ht301_thermal_ros/ht301_thermal_ros.egg-info/SOURCES.txt'
[0.916s] writing manifest file '../../build/ht301_thermal_ros/ht301_thermal_ros.egg-info/SOURCES.txt'
[0.917s] running build
[0.917s] running build_py
[0.917s] copying ht301_thermal_ros/ht301_thermal_publisher.py -> /home/brian_holland/Desktop/capstone/ros_ws/build/ht301_thermal_ros/build/lib/ht301_thermal_ros
[0.917s] running install
[0.923s] running install_lib
[0.939s] copying /home/brian_holland/Desktop/capstone/ros_ws/build/ht301_thermal_ros/build/lib/ht301_thermal_ros/ht301_thermal_publisher.py -> /home/brian_holland/Desktop/capstone/ros_ws/install/ht301_thermal_ros/lib/python3.12/site-packages/ht301_thermal_ros
[0.940s] byte-compiling /home/brian_holland/Desktop/capstone/ros_ws/install/ht301_thermal_ros/lib/python3.12/site-packages/ht301_thermal_ros/ht301_thermal_publisher.py to ht301_thermal_publisher.cpython-312.pyc
[0.942s] running install_data
[0.943s] running install_egg_info
[0.960s] removing '/home/brian_holland/Desktop/capstone/ros_ws/install/ht301_thermal_ros/lib/python3.12/site-packages/ht301_thermal_ros-0.0.0-py3.12.egg-info' (and everything under it)
[0.960s] Copying ../../build/ht301_thermal_ros/ht301_thermal_ros.egg-info to /home/brian_holland/Desktop/capstone/ros_ws/install/ht301_thermal_ros/lib/python3.12/site-packages/ht301_thermal_ros-0.0.0-py3.12.egg-info
[0.961s] running install_scripts
[1.072s] Installing ht301_thermal_publisher script to /home/brian_holland/Desktop/capstone/ros_ws/install/ht301_thermal_ros/lib/ht301_thermal_ros
[1.072s] writing list of installed files to '/home/brian_holland/Desktop/capstone/ros_ws/build/ht301_thermal_ros/install.log'
[1.097s] Invoked command in '/home/brian_holland/Desktop/capstone/ros_ws/src/ht301_thermal_ros' returned '0': DEBUGINFOD_URLS=https://debuginfod.ubuntu.com PYTHONPATH=/home/brian_holland/Desktop/capstone/ros_ws/build/ht301_thermal_ros/prefix_override:/usr/lib/python3/dist-packages/colcon_core/task/python/colcon_distutils_commands:/home/brian_holland/Desktop/capstone/ros_ws/install/ht301_thermal_ros/lib/python3.12/site-packages:${PYTHONPATH} /usr/bin/python3 -W ignore:setup.py install is deprecated -W ignore:easy_install command is deprecated setup.py egg_info --egg-base ../../build/ht301_thermal_ros build --build-base /home/brian_holland/Desktop/capstone/ros_ws/build/ht301_thermal_ros/build install --record /home/brian_holland/Desktop/capstone/ros_ws/build/ht301_thermal_ros/install.log --single-version-externally-managed install_data
