[0.728s] Invoking command in '/home/brian_holland/Desktop/capstone/ros_ws/src/ht301_thermal_ros': DEBUGINFOD_URLS=https://debuginfod.ubuntu.com PYTHONPATH=/home/brian_holland/Desktop/capstone/ros_ws/build/ht301_thermal_ros/prefix_override:/usr/lib/python3/dist-packages/colcon_core/task/python/colcon_distutils_commands:/home/brian_holland/Desktop/capstone/ros_ws/install/ht301_thermal_ros/lib/python3.12/site-packages:${PYTHONPATH} /usr/bin/python3 -W ignore:setup.py install is deprecated -W ignore:easy_install command is deprecated setup.py egg_info --egg-base ../../build/ht301_thermal_ros build --build-base /home/brian_holland/Desktop/capstone/ros_ws/build/ht301_thermal_ros/build install --record /home/brian_holland/Desktop/capstone/ros_ws/build/ht301_thermal_ros/install.log --single-version-externally-managed install_data
[0.944s] running egg_info
[0.944s] creating ../../build/ht301_thermal_ros/ht301_thermal_ros.egg-info
[0.960s] writing ../../build/ht301_thermal_ros/ht301_thermal_ros.egg-info/PKG-INFO
[0.960s] writing dependency_links to ../../build/ht301_thermal_ros/ht301_thermal_ros.egg-info/dependency_links.txt
[0.960s] writing entry points to ../../build/ht301_thermal_ros/ht301_thermal_ros.egg-info/entry_points.txt
[0.960s] writing requirements to ../../build/ht301_thermal_ros/ht301_thermal_ros.egg-info/requires.txt
[0.960s] writing top-level names to ../../build/ht301_thermal_ros/ht301_thermal_ros.egg-info/top_level.txt
[0.960s] writing manifest file '../../build/ht301_thermal_ros/ht301_thermal_ros.egg-info/SOURCES.txt'
[0.992s] reading manifest file '../../build/ht301_thermal_ros/ht301_thermal_ros.egg-info/SOURCES.txt'
[0.993s] writing manifest file '../../build/ht301_thermal_ros/ht301_thermal_ros.egg-info/SOURCES.txt'
[0.993s] running build
[0.993s] running build_py
[0.993s] creating /home/brian_holland/Desktop/capstone/ros_ws/build/ht301_thermal_ros/build
[0.993s] creating /home/brian_holland/Desktop/capstone/ros_ws/build/ht301_thermal_ros/build/lib
[0.993s] creating /home/brian_holland/Desktop/capstone/ros_ws/build/ht301_thermal_ros/build/lib/ht301_thermal_ros
[0.994s] copying ht301_thermal_ros/ht301_thermal_publisher.py -> /home/brian_holland/Desktop/capstone/ros_ws/build/ht301_thermal_ros/build/lib/ht301_thermal_ros
[0.994s] copying ht301_thermal_ros/ht301_hacklib.py -> /home/brian_holland/Desktop/capstone/ros_ws/build/ht301_thermal_ros/build/lib/ht301_thermal_ros
[0.994s] copying ht301_thermal_ros/__init__.py -> /home/brian_holland/Desktop/capstone/ros_ws/build/ht301_thermal_ros/build/lib/ht301_thermal_ros
[0.994s] running install
[0.999s] running install_lib
[1.016s] creating /home/brian_holland/Desktop/capstone/ros_ws/install/ht301_thermal_ros/lib/python3.12/site-packages/ht301_thermal_ros
[1.016s] copying /home/brian_holland/Desktop/capstone/ros_ws/build/ht301_thermal_ros/build/lib/ht301_thermal_ros/ht301_thermal_publisher.py -> /home/brian_holland/Desktop/capstone/ros_ws/install/ht301_thermal_ros/lib/python3.12/site-packages/ht301_thermal_ros
[1.016s] copying /home/brian_holland/Desktop/capstone/ros_ws/build/ht301_thermal_ros/build/lib/ht301_thermal_ros/ht301_hacklib.py -> /home/brian_holland/Desktop/capstone/ros_ws/install/ht301_thermal_ros/lib/python3.12/site-packages/ht301_thermal_ros
[1.016s] copying /home/brian_holland/Desktop/capstone/ros_ws/build/ht301_thermal_ros/build/lib/ht301_thermal_ros/__init__.py -> /home/brian_holland/Desktop/capstone/ros_ws/install/ht301_thermal_ros/lib/python3.12/site-packages/ht301_thermal_ros
[1.016s] byte-compiling /home/brian_holland/Desktop/capstone/ros_ws/install/ht301_thermal_ros/lib/python3.12/site-packages/ht301_thermal_ros/ht301_thermal_publisher.py to ht301_thermal_publisher.cpython-312.pyc
[1.018s] byte-compiling /home/brian_holland/Desktop/capstone/ros_ws/install/ht301_thermal_ros/lib/python3.12/site-packages/ht301_thermal_ros/ht301_hacklib.py to ht301_hacklib.cpython-312.pyc
[1.021s] byte-compiling /home/brian_holland/Desktop/capstone/ros_ws/install/ht301_thermal_ros/lib/python3.12/site-packages/ht301_thermal_ros/__init__.py to __init__.cpython-312.pyc
[1.021s] running install_data
[1.021s] creating /home/brian_holland/Desktop/capstone/ros_ws/install/ht301_thermal_ros/share/ament_index
[1.022s] creating /home/brian_holland/Desktop/capstone/ros_ws/install/ht301_thermal_ros/share/ament_index/resource_index
[1.022s] creating /home/brian_holland/Desktop/capstone/ros_ws/install/ht301_thermal_ros/share/ament_index/resource_index/packages
[1.022s] copying resource/ht301_thermal_ros -> /home/brian_holland/Desktop/capstone/ros_ws/install/ht301_thermal_ros/share/ament_index/resource_index/packages
[1.022s] copying package.xml -> /home/brian_holland/Desktop/capstone/ros_ws/install/ht301_thermal_ros/share/ht301_thermal_ros
[1.022s] creating /home/brian_holland/Desktop/capstone/ros_ws/install/ht301_thermal_ros/share/ht301_thermal_ros/launch
[1.022s] copying launch/vid2_launch_thermal_bridge.py -> /home/brian_holland/Desktop/capstone/ros_ws/install/ht301_thermal_ros/share/ht301_thermal_ros/launch
[1.022s] running install_egg_info
[1.039s] Copying ../../build/ht301_thermal_ros/ht301_thermal_ros.egg-info to /home/brian_holland/Desktop/capstone/ros_ws/install/ht301_thermal_ros/lib/python3.12/site-packages/ht301_thermal_ros-0.0.0-py3.12.egg-info
[1.040s] running install_scripts
[1.153s] Installing ht301_thermal_publisher script to /home/brian_holland/Desktop/capstone/ros_ws/install/ht301_thermal_ros/lib/ht301_thermal_ros
[1.153s] writing list of installed files to '/home/brian_holland/Desktop/capstone/ros_ws/build/ht301_thermal_ros/install.log'
[1.181s] Invoked command in '/home/brian_holland/Desktop/capstone/ros_ws/src/ht301_thermal_ros' returned '0': DEBUGINFOD_URLS=https://debuginfod.ubuntu.com PYTHONPATH=/home/brian_holland/Desktop/capstone/ros_ws/build/ht301_thermal_ros/prefix_override:/usr/lib/python3/dist-packages/colcon_core/task/python/colcon_distutils_commands:/home/brian_holland/Desktop/capstone/ros_ws/install/ht301_thermal_ros/lib/python3.12/site-packages:${PYTHONPATH} /usr/bin/python3 -W ignore:setup.py install is deprecated -W ignore:easy_install command is deprecated setup.py egg_info --egg-base ../../build/ht301_thermal_ros build --build-base /home/brian_holland/Desktop/capstone/ros_ws/build/ht301_thermal_ros/build install --record /home/brian_holland/Desktop/capstone/ros_ws/build/ht301_thermal_ros/install.log --single-version-externally-managed install_data
